[0.068s] Invoking command in '/home/ros2_ws/build/mfe_msgs': /usr/bin/cmake --build /home/ros2_ws/build/mfe_msgs -- -j8 -l8
[1.783s] -- Found ament_cmake: 2.5.2 (/opt/ros/jazzy/share/ament_cmake/cmake)
[2.102s] Traceback (most recent call last):
[2.102s]   File "/opt/ros/jazzy/share/ament_cmake_core/cmake/package_templates/templates_2_cmake.py", line 21, in <module>
[2.103s]     from ament_package.templates import get_environment_hook_template_path
[2.103s] ModuleNotFoundError: No module named 'ament_package'
[2.110s] [31mCMake Error at /opt/ros/jazzy/share/ament_cmake_core/cmake/ament_cmake_package_templates-extras.cmake:41 (message):
[2.110s]   execute_process(/usr/bin/python3
[2.110s]   /opt/ros/jazzy/share/ament_cmake_core/cmake/package_templates/templates_2_cmake.py
[2.110s]   /home/ros2_ws/build/mfe_msgs/ament_cmake_package_templates/templates.cmake)
[2.111s]   returned error code 1
[2.111s] Call Stack (most recent call first):
[2.112s]   /opt/ros/jazzy/share/ament_cmake_core/cmake/ament_cmake_coreConfig.cmake:41 (include)
[2.114s]   /opt/ros/jazzy/share/ament_cmake/cmake/ament_cmake_export_dependencies-extras.cmake:15 (find_package)
[2.116s]   /opt/ros/jazzy/share/ament_cmake/cmake/ament_cmakeConfig.cmake:41 (include)
[2.117s]   CMakeLists.txt:19 (find_package)
[2.117s] 
[2.118s] [0m
[2.119s] -- Configuring incomplete, errors occurred!
[2.124s] gmake: *** [Makefile:2705: cmake_check_build_system] Error 1
[2.125s] Invoked command in '/home/ros2_ws/build/mfe_msgs' returned '2': /usr/bin/cmake --build /home/ros2_ws/build/mfe_msgs -- -j8 -l8
