[1.439s] Invoking command in '/home/ros2_ws/build/mfe_msgs': CMAKE_PREFIX_PATH=${CMAKE_PREFIX_PATH}:/opt/ros/jazzy /usr/bin/cmake --build /home/ros2_ws/build/mfe_msgs -- -j8 -l8
[12.671s] -- Found ament_cmake: 2.5.2 (/opt/ros/jazzy/share/ament_cmake/cmake)
[12.672s] -- Found Python3: /usr/bin/python3 (found version "3.12.3") found components: Interpreter 
[12.672s] -- Override CMake install command with custom implementation using symlinks instead of copying resources
[13.545s] -- Found builtin_interfaces: 2.0.2 (/opt/ros/jazzy/share/builtin_interfaces/cmake)
[18.146s] -- Found rosidl_generator_c: 4.6.4 (/opt/ros/jazzy/share/rosidl_generator_c/cmake)
[18.507s] -- Found rosidl_generator_cpp: 4.6.4 (/opt/ros/jazzy/share/rosidl_generator_cpp/cmake)
[18.945s] -- Using all available rosidl_typesupport_c: rosidl_typesupport_fastrtps_c;rosidl_typesupport_introspection_c
[19.347s] -- Using all available rosidl_typesupport_cpp: rosidl_typesupport_fastrtps_cpp;rosidl_typesupport_introspection_cpp
[19.963s] -- Found std_msgs: 5.3.5 (/opt/ros/jazzy/share/std_msgs/cmake)
[20.594s] -- Found geometry_msgs: 5.3.5 (/opt/ros/jazzy/share/geometry_msgs/cmake)
[21.053s] -- Found rosidl_default_generators: 1.6.0 (/opt/ros/jazzy/share/rosidl_default_generators/cmake)
[21.298s] -- Found rosidl_adapter: 4.6.4 (/opt/ros/jazzy/share/rosidl_adapter/cmake)
[22.122s] [31mCMake Error at /opt/ros/jazzy/share/rosidl_adapter/cmake/rosidl_adapt_interfaces.cmake:57 (message):
[22.122s]   execute_process(/usr/bin/python3 -m rosidl_adapter --package-name mfe_msgs
[22.122s]   --arguments-file
[22.123s]   /home/ros2_ws/build/mfe_msgs/rosidl_adapter__arguments__mfe_msgs.json
[22.123s]   --output-dir /home/ros2_ws/build/mfe_msgs/rosidl_adapter/mfe_msgs
[22.123s]   --output-file /home/ros2_ws/build/mfe_msgs/rosidl_adapter/mfe_msgs.idls)
[22.123s]   returned error code 1:
[22.123s] 
[22.124s]   Traceback (most recent call last):
[22.124s] 
[22.124s]     File "<frozen runpy>", line 198, in _run_module_as_main
[22.124s]     File "<frozen runpy>", line 88, in _run_code
[22.124s]     File "/opt/ros/jazzy/lib/python3.12/site-packages/rosidl_adapter/__main__.py", line 19, in <module>
[22.124s]       sys.exit(main())
[22.124s]                ^^^^^^
[22.124s]     File "/opt/ros/jazzy/lib/python3.12/site-packages/rosidl_adapter/main.py", line 53, in main
[22.125s]       abs_idl_file = convert_to_idl(
[22.125s]                      ^^^^^^^^^^^^^^^
[22.125s]     File "/opt/ros/jazzy/lib/python3.12/site-packages/rosidl_adapter/__init__.py", line 24, in convert_to_idl
[22.125s]       return convert_srv_to_idl(
[22.125s]              ^^^^^^^^^^^^^^^^^^^
[22.125s]     File "/opt/ros/jazzy/lib/python3.12/site-packages/rosidl_adapter/srv/__init__.py", line 28, in convert_srv_to_idl
[22.125s]       srv = parse_service_string(package_name, input_file.stem, content)
[22.125s]             ^^^^^^^^^^^^^^^^^^^^^^^^^^^^^^^^^^^^^^^^^^^^^^^^^^^^^^^^^^^^
[22.126s]     File "/opt/ros/jazzy/lib/python3.12/site-packages/rosidl_adapter/parser.py", line 851, in parse_service_string
[22.126s]       raise InvalidServiceSpecification(
[22.126s] 
[22.126s]   rosidl_adapter.parser.InvalidServiceSpecification: Could not find separator
[22.126s]   '---' between request and response
[22.126s] 
[22.127s] Call Stack (most recent call first):
[22.127s]   /opt/ros/jazzy/share/rosidl_cmake/cmake/rosidl_generate_interfaces.cmake:132 (rosidl_adapt_interfaces)
[22.127s]   CMakeLists.txt:26 (rosidl_generate_interfaces)
[22.127s] 
[22.127s] [0m
[22.127s] -- Configuring incomplete, errors occurred!
[22.129s] gmake: *** [Makefile:2705: cmake_check_build_system] Error 1
[22.131s] Invoked command in '/home/ros2_ws/build/mfe_msgs' returned '2': CMAKE_PREFIX_PATH=${CMAKE_PREFIX_PATH}:/opt/ros/jazzy /usr/bin/cmake --build /home/ros2_ws/build/mfe_msgs -- -j8 -l8
