[0.034s] Invoking command in '/home/ros2_ws/build/mfe_msgs': /usr/bin/cmake --build /home/ros2_ws/build/mfe_msgs -- -j8 -l8
[0.101s] -- Found ament_cmake: 2.5.2 (/opt/ros/jazzy/share/ament_cmake/cmake)
[0.223s] Traceback (most recent call last):
[0.224s]   File "/opt/ros/jazzy/share/ament_cmake_core/cmake/package_templates/templates_2_cmake.py", line 21, in <module>
[0.224s]     from ament_package.templates import get_environment_hook_template_path
[0.224s] ModuleNotFoundError: No module named 'ament_package'
[0.229s] [31mCMake Error at /opt/ros/jazzy/share/ament_cmake_core/cmake/ament_cmake_package_templates-extras.cmake:41 (message):
[0.230s]   execute_process(/usr/bin/python3
[0.230s]   /opt/ros/jazzy/share/ament_cmake_core/cmake/package_templates/templates_2_cmake.py
[0.231s]   /home/ros2_ws/build/mfe_msgs/ament_cmake_package_templates/templates.cmake)
[0.231s]   returned error code 1
[0.231s] Call Stack (most recent call first):
[0.233s]   /opt/ros/jazzy/share/ament_cmake_core/cmake/ament_cmake_coreConfig.cmake:41 (include)
[0.233s]   /opt/ros/jazzy/share/ament_cmake/cmake/ament_cmake_export_dependencies-extras.cmake:15 (find_package)
[0.234s]   /opt/ros/jazzy/share/ament_cmake/cmake/ament_cmakeConfig.cmake:41 (include)
[0.234s]   CMakeLists.txt:19 (find_package)
[0.235s] 
[0.235s] [0m
[0.235s] -- Configuring incomplete, errors occurred!
[0.236s] gmake: *** [Makefile:2705: cmake_check_build_system] Error 1
[0.323s] Invoked command in '/home/ros2_ws/build/mfe_msgs' returned '2': /usr/bin/cmake --build /home/ros2_ws/build/mfe_msgs -- -j8 -l8
